<?xml version="1.0" encoding="UTF-8"?>
<testng-results ignored="0" total="1" passed="1" failed="0" skipped="0">
  <reporter-output>
  </reporter-output>
  <suite started-at="2026-01-27T01:28:48 IST" name="Default suite" finished-at="2026-01-27T01:28:49 IST" duration-ms="13">
    <groups>
    </groups>
    <test started-at="2026-01-27T01:28:48 IST" name="Default test" finished-at="2026-01-27T01:28:49 IST" duration-ms="13">
      <class name="coreJavaBasics.child">
        <test-method is-config="true" signature="before()[pri:0, instance:coreJavaBasics.child@4690b489]" started-at="2026-01-27T01:28:48 IST" name="before" finished-at="2026-01-27T01:28:48 IST" duration-ms="2" status="PASS">
          <reporter-output>
          </reporter-output>
        </test-method> <!-- before -->
        <test-method signature="testRun()[pri:0, instance:coreJavaBasics.child@4690b489]" started-at="2026-01-27T01:28:48 IST" name="testRun" finished-at="2026-01-27T01:28:49 IST" duration-ms="2" status="PASS">
          <reporter-output>
          </reporter-output>
        </test-method> <!-- testRun -->
        <test-method is-config="true" signature="after()[pri:0, instance:coreJavaBasics.child@4690b489]" started-at="2026-01-27T01:28:49 IST" name="after" finished-at="2026-01-27T01:28:49 IST" duration-ms="0" status="PASS">
          <reporter-output>
          </reporter-output>
        </test-method> <!-- after -->
      </class> <!-- coreJavaBasics.child -->
    </test> <!-- Default test -->
  </suite> <!-- Default suite -->
</testng-results>
